\BOOKMARK [0][-]{chapter*.1}{ACKNOWLEDGEMENTS}{}% 1
\BOOKMARK [0][-]{chapter*.2}{LIST OF ABBREVIATIONS}{}% 2
\BOOKMARK [0][-]{chapter*.3}{ABSTRACT}{}% 3
\BOOKMARK [0][-]{chapter.1}{IEEE Template}{}% 4
\BOOKMARK [1][-]{section.1.1}{Ease of Use}{chapter.1}% 5
\BOOKMARK [2][-]{subsection.1.1.1}{Maintaining the Integrity of the Specifications}{section.1.1}% 6
\BOOKMARK [1][-]{section.1.2}{Prepare Your Paper Before Styling}{chapter.1}% 7
\BOOKMARK [2][-]{subsection.1.2.1}{Abbreviations and Acronyms}{section.1.2}% 8
\BOOKMARK [2][-]{subsection.1.2.2}{Units}{section.1.2}% 9
\BOOKMARK [2][-]{subsection.1.2.3}{Equations}{section.1.2}% 10
\BOOKMARK [2][-]{subsection.1.2.4}{LaTeX-Specific Advice}{section.1.2}% 11
\BOOKMARK [2][-]{subsection.1.2.5}{Some Common Mistakes}{section.1.2}% 12
\BOOKMARK [2][-]{subsection.1.2.6}{Authors and Affiliations}{section.1.2}% 13
\BOOKMARK [2][-]{subsection.1.2.7}{Identify the Headings}{section.1.2}% 14
\BOOKMARK [2][-]{subsection.1.2.8}{Figures and Tables}{section.1.2}% 15
\BOOKMARK [0][-]{chapter.2}{IEEE Template}{}% 16
\BOOKMARK [1][-]{section.2.1}{Ease of Use}{chapter.2}% 17
\BOOKMARK [2][-]{subsection.2.1.1}{Maintaining the Integrity of the Specifications}{section.2.1}% 18
\BOOKMARK [1][-]{section.2.2}{Prepare Your Paper Before Styling}{chapter.2}% 19
\BOOKMARK [2][-]{subsection.2.2.1}{Abbreviations and Acronyms}{section.2.2}% 20
\BOOKMARK [2][-]{subsection.2.2.2}{Units}{section.2.2}% 21
\BOOKMARK [2][-]{subsection.2.2.3}{Equations}{section.2.2}% 22
\BOOKMARK [2][-]{subsection.2.2.4}{LaTeX-Specific Advice}{section.2.2}% 23
\BOOKMARK [2][-]{subsection.2.2.5}{Some Common Mistakes}{section.2.2}% 24
\BOOKMARK [2][-]{subsection.2.2.6}{Authors and Affiliations}{section.2.2}% 25
\BOOKMARK [2][-]{subsection.2.2.7}{Identify the Headings}{section.2.2}% 26
\BOOKMARK [2][-]{subsection.2.2.8}{Figures and Tables}{section.2.2}% 27
\BOOKMARK [0][-]{section*.13}{REFERENCES}{}% 28
